

Microchip MPLAB XC8 Assembler V2.31 build 20201012212115 
                                                                                               Fri Jan 29 21:34:24 2021

Microchip MPLAB XC8 C Compiler v2.31 (Free license) build 20201012212115 Og1 
     1                           	processor	18F47J53
     2                           	fnconf	rparam,??,?,0
     3                           	pagewidth 120
     4                           	opt	flic
     5                           	psect	cinit,global,reloc=2,class=CODE,delta=1
     6                           	psect	cstackCOMRAM,global,class=COMRAM,space=1,delta=1,lowdata,noexec
     7                           	psect	text0,global,reloc=2,class=CODE,delta=1
     8                           	psect	text1,global,reloc=2,class=CODE,delta=1
     9                           	psect	intcode,global,reloc=2,class=CODE,delta=1
    10                           	psect	intsave_regs,global,class=BIGRAM,space=1,delta=1,noexec
    11                           	psect	rparam,global,class=COMRAM,space=1,delta=1,noexec
    12                           	psect	temp,global,ovrld,common,class=COMRAM,space=1,delta=1
    13                           	psect	config,global,abs,ovrld,class=CONFIG,space=4,delta=1,noexec
    14  0000                     
    15                           ; Version 2.20
    16                           ; Generated 29/04/2020 GMT
    17                           ; 
    18                           ; Copyright © 2020, Microchip Technology Inc. and its subsidiaries ("Microchip")
    19                           ; All rights reserved.
    20                           ; 
    21                           ; This software is developed by Microchip Technology Inc. and its subsidiaries ("Microch
      +                          ip").
    22                           ; 
    23                           ; Redistribution and use in source and binary forms, with or without modification, are
    24                           ; permitted provided that the following conditions are met:
    25                           ; 
    26                           ;     1. Redistributions of source code must retain the above copyright notice, this lis
      +                          t of
    27                           ;        conditions and the following disclaimer.
    28                           ; 
    29                           ;     2. Redistributions in binary form must reproduce the above copyright notice, this 
      +                          list
    30                           ;        of conditions and the following disclaimer in the documentation and/or other
    31                           ;        materials provided with the distribution.
    32                           ; 
    33                           ;     3. Microchip's name may not be used to endorse or promote products derived from th
      +                          is
    34                           ;        software without specific prior written permission.
    35                           ; 
    36                           ; THIS SOFTWARE IS PROVIDED BY MICROCHIP "AS IS" AND ANY EXPRESS OR IMPLIED WARRANTIES,
    37                           ; INCLUDING, BUT NOT LIMITED TO, THE IMPLIED WARRANTIES OF MERCHANTABILITY AND FITNESS F
      +                          OR
    38                           ; PURPOSE ARE DISCLAIMED.  IN NO EVENT SHALL MICROCHIP BE LIABLE FOR ANY DIRECT, INDIREC
      +                          T,
    39                           ; INCIDENTAL, SPECIAL, EXEMPLARY, OR CONSEQUENTIAL DAMAGES (INCLUDING BUT NOT LIMITED TO
    40                           ; PROCUREMENT OF SUBSTITUTE GOODS OR SERVICES; LOSS OF USE, DATA OR PROFITS; OR BUSINESS
    41                           ; INTERRUPTION) HOWSOEVER CAUSED AND ON ANY THEORY OF LIABILITY, WHETHER IN CONTRACT, ST
      +                          RICT
    42                           ; LIABILITY, OR TORT (INCLUDING NEGLIGENCE OR OTHERWISE) ARISING IN ANY WAY OUT OF THE U
      +                          SE OF
    43                           ; THIS SOFTWARE, EVEN IF ADVISED OF THE POSSIBILITY OF SUCH DAMAGE.
    44                           ; 
    45                           ; 
    46                           ; Code-generator required, PIC18F47J53 Definitions
    47                           ; 
    48                           ; SFR Addresses
    49  0000                     _IPR1bits	set	3999
    50  0000                     _PIE1bits	set	3997
    51  0000                     _INTCONbits	set	4082
    52  0000                     _OSCCON	set	4051
    53  0000                     _RCSTA	set	4012
    54  0000                     _BAUDCONbits	set	3966
    55  0000                     _SPBRG	set	4016
    56  0000                     _TRISCbits	set	3988
    57  0000                     _TXSTAbits	set	4013
    58  0000                     _RCREG	set	4015
    59  0000                     _TXREG	set	4014
    60  0000                     _RCSTAbits	set	4012
    61  0000                     _PIR1bits	set	3998
    62                           
    63                           ; #config settings
    64                           
    65                           	psect	cinit
    66  00007C                     __pcinit:
    67                           	callstack 0
    68  00007C                     start_initialization:
    69                           	callstack 0
    70  00007C                     __initialization:
    71                           	callstack 0
    72  00007C                     end_of_initialization:
    73                           	callstack 0
    74  00007C                     __end_of__initialization:
    75                           	callstack 0
    76  00007C  9001               	bcf	int$flags,0,c	;clear compiler interrupt flag (level 1)
    77  00007E  9201               	bcf	int$flags,1,c	;clear compiler interrupt flag (level 2)
    78  000080  0100               	movlb	0
    79  000082  EF24  F000         	goto	_main	;jump to C main() function
    80                           
    81                           	psect	cstackCOMRAM
    82  000000                     __pcstackCOMRAM:
    83                           	callstack 0
    84  000000                     
    85                           ; 1 bytes @ 0x0
    86 ;;
    87 ;;Main: autosize = 0, tempsize = 0, incstack = 0, save=0
    88 ;;
    89 ;; *************** function _main *****************
    90 ;; Defined at:
    91 ;;		line 47 in file "newmain1.c"
    92 ;; Parameters:    Size  Location     Type
    93 ;;		None
    94 ;; Auto vars:     Size  Location     Type
    95 ;;		None
    96 ;; Return value:  Size  Location     Type
    97 ;;                  1    wreg      void 
    98 ;; Registers used:
    99 ;;		wreg, status,2, cstack
   100 ;; Tracked objects:
   101 ;;		On entry : 0/0
   102 ;;		On exit  : 0/0
   103 ;;		Unchanged: 0/0
   104 ;; Data sizes:     COMRAM   BANK0   BANK1   BANK2   BANK3   BANK4   BANK5   BANK6   BANK7   BANK8   BANK9  BANK10  BANK1
      +1  BANK12  BANK13  BANK14
   105 ;;      Params:         0       0       0       0       0       0       0       0       0       0       0       0       
      +0       0       0       0
   106 ;;      Locals:         0       0       0       0       0       0       0       0       0       0       0       0       
      +0       0       0       0
   107 ;;      Temps:          0       0       0       0       0       0       0       0       0       0       0       0       
      +0       0       0       0
   108 ;;      Totals:         0       0       0       0       0       0       0       0       0       0       0       0       
      +0       0       0       0
   109 ;;Total ram usage:        0 bytes
   110 ;; Hardware stack levels required when called:    2
   111 ;; This function calls:
   112 ;;		_UART_Initialize
   113 ;; This function is called by:
   114 ;;		Startup code after reset
   115 ;; This function uses a non-reentrant model
   116 ;;
   117                           
   118                           	psect	text0
   119  000048                     __ptext0:
   120                           	callstack 0
   121  000048                     _main:
   122                           	callstack 29
   123  000048                     
   124                           ;newmain1.c: 48: OSCCON=0x72;
   125  000048  0E72               	movlw	114
   126  00004A  6ED3               	movwf	211,c	;volatile
   127  00004C                     
   128                           ;newmain1.c: 49: INTCONbits.GIE=1;
   129  00004C  8EF2               	bsf	242,7,c	;volatile
   130  00004E                     
   131                           ;newmain1.c: 50: INTCONbits.PEIE=1;
   132  00004E  8CF2               	bsf	242,6,c	;volatile
   133  000050                     
   134                           ;newmain1.c: 51: PIR1bits.RCIF=0;
   135  000050  9A9E               	bcf	158,5,c	;volatile
   136  000052                     
   137                           ;newmain1.c: 52: PIE1bits.RCIE=1;
   138  000052  8A9D               	bsf	157,5,c	;volatile
   139  000054                     
   140                           ;newmain1.c: 53: IPR1bits.RCIP=1;
   141  000054  8A9F               	bsf	159,5,c	;volatile
   142  000056                     
   143                           ;newmain1.c: 54: UART_Initialize();
   144  000056  EC31  F000         	call	_UART_Initialize	;wreg free
   145  00005A                     l46:
   146  00005A  EF2D  F000         	goto	l46
   147  00005E  EF22  F000         	goto	start
   148  000062                     __end_of_main:
   149                           	callstack 0
   150                           
   151 ;; *************** function _UART_Initialize *****************
   152 ;; Defined at:
   153 ;;		line 31 in file "newmain1.c"
   154 ;; Parameters:    Size  Location     Type
   155 ;;		None
   156 ;; Auto vars:     Size  Location     Type
   157 ;;		None
   158 ;; Return value:  Size  Location     Type
   159 ;;                  1    wreg      void 
   160 ;; Registers used:
   161 ;;		wreg, status,2
   162 ;; Tracked objects:
   163 ;;		On entry : 0/0
   164 ;;		On exit  : 0/0
   165 ;;		Unchanged: 0/0
   166 ;; Data sizes:     COMRAM   BANK0   BANK1   BANK2   BANK3   BANK4   BANK5   BANK6   BANK7   BANK8   BANK9  BANK10  BANK1
      +1  BANK12  BANK13  BANK14
   167 ;;      Params:         0       0       0       0       0       0       0       0       0       0       0       0       
      +0       0       0       0
   168 ;;      Locals:         0       0       0       0       0       0       0       0       0       0       0       0       
      +0       0       0       0
   169 ;;      Temps:          0       0       0       0       0       0       0       0       0       0       0       0       
      +0       0       0       0
   170 ;;      Totals:         0       0       0       0       0       0       0       0       0       0       0       0       
      +0       0       0       0
   171 ;;Total ram usage:        0 bytes
   172 ;; Hardware stack levels used:    1
   173 ;; Hardware stack levels required when called:    1
   174 ;; This function calls:
   175 ;;		Nothing
   176 ;; This function is called by:
   177 ;;		_main
   178 ;; This function uses a non-reentrant model
   179 ;;
   180                           
   181                           	psect	text1
   182  000062                     __ptext1:
   183                           	callstack 0
   184  000062                     _UART_Initialize:
   185                           	callstack 29
   186  000062                     
   187                           ;newmain1.c: 34: TRISCbits.TRISC6=0;
   188  000062  9C94               	bcf	148,6,c	;volatile
   189                           
   190                           ;newmain1.c: 35: TRISCbits.TRISC7=1;
   191  000064  8E94               	bsf	148,7,c	;volatile
   192  000066                     
   193                           ;newmain1.c: 37: SPBRG= 31;
   194  000066  0E1F               	movlw	31
   195  000068  6EB0               	movwf	176,c	;volatile
   196  00006A                     
   197                           ;newmain1.c: 38: TXSTAbits.CSRC = 0;
   198  00006A  9EAD               	bcf	173,7,c	;volatile
   199  00006C                     
   200                           ;newmain1.c: 39: TXSTAbits.TX9 = 0;
   201  00006C  9CAD               	bcf	173,6,c	;volatile
   202  00006E                     
   203                           ;newmain1.c: 40: TXSTAbits.TXEN = 1;
   204  00006E  8AAD               	bsf	173,5,c	;volatile
   205  000070                     
   206                           ;newmain1.c: 41: TXSTAbits.SYNC = 0;
   207  000070  98AD               	bcf	173,4,c	;volatile
   208  000072                     
   209                           ;newmain1.c: 42: TXSTAbits.BRGH = 0;
   210  000072  94AD               	bcf	173,2,c	;volatile
   211  000074                     
   212                           ;newmain1.c: 43: BAUDCONbits.BRG16 = 0;
   213  000074  967E               	bcf	126,3,c	;volatile
   214                           
   215                           ;newmain1.c: 44: RCSTA = 0x90;
   216  000076  0E90               	movlw	144
   217  000078  6EAC               	movwf	172,c	;volatile
   218  00007A  0012               	return		;funcret
   219  00007C                     __end_of_UART_Initialize:
   220                           	callstack 0
   221                           
   222 ;; *************** function _routISR *****************
   223 ;; Defined at:
   224 ;;		line 11 in file "newmain1.c"
   225 ;; Parameters:    Size  Location     Type
   226 ;;		None
   227 ;; Auto vars:     Size  Location     Type
   228 ;;		None
   229 ;; Return value:  Size  Location     Type
   230 ;;                  1    wreg      void 
   231 ;; Registers used:
   232 ;;		wreg, status,2, status,0
   233 ;; Tracked objects:
   234 ;;		On entry : 0/0
   235 ;;		On exit  : 0/0
   236 ;;		Unchanged: 0/0
   237 ;; Data sizes:     COMRAM   BANK0   BANK1   BANK2   BANK3   BANK4   BANK5   BANK6   BANK7   BANK8   BANK9  BANK10  BANK1
      +1  BANK12  BANK13  BANK14
   238 ;;      Params:         0       0       0       0       0       0       0       0       0       0       0       0       
      +0       0       0       0
   239 ;;      Locals:         0       0       0       0       0       0       0       0       0       0       0       0       
      +0       0       0       0
   240 ;;      Temps:          0       0       0       0       0       0       0       0       0       0       0       0       
      +0       0       0       0
   241 ;;      Totals:         0       0       0       0       0       0       0       0       0       0       0       0       
      +0       0       0       0
   242 ;;Total ram usage:        0 bytes
   243 ;; Hardware stack levels used:    1
   244 ;; This function calls:
   245 ;;		Nothing
   246 ;; This function is called by:
   247 ;;		Interrupt level 2
   248 ;; This function uses a non-reentrant model
   249 ;;
   250                           
   251                           	psect	intcode
   252  000008                     __pintcode:
   253                           	callstack 0
   254  000008                     _routISR:
   255                           	callstack 29
   256                           
   257                           ;incstack = 0
   258  000008  8201               	bsf	int$flags,1,c	;set compiler interrupt flag (level 2)
   259  00000A                     
   260                           ;newmain1.c: 13: if(PIR1bits.RCIF==1)
   261  00000A  AA9E               	btfss	158,5,c	;volatile
   262  00000C  EF0A  F000         	goto	i2u1_41
   263  000010  EF0C  F000         	goto	i2u1_40
   264  000014                     i2u1_41:
   265  000014  EF20  F000         	goto	i2l38
   266  000018                     i2u1_40:
   267  000018                     
   268                           ;newmain1.c: 15: {;newmain1.c: 16: if(RCSTAbits.OERR)
   269  000018  A2AC               	btfss	172,1,c	;volatile
   270  00001A  EF11  F000         	goto	i2u2_41
   271  00001E  EF13  F000         	goto	i2u2_40
   272  000022                     i2u2_41:
   273  000022  EF16  F000         	goto	i2l34
   274  000026                     i2u2_40:
   275  000026                     
   276                           ;newmain1.c: 17: {;newmain1.c: 18: RCSTAbits.CREN = 0;
   277  000026  98AC               	bcf	172,4,c	;volatile
   278                           
   279                           ;newmain1.c: 19: __nop();
   280  000028  F000               	nop	
   281                           
   282                           ;newmain1.c: 20: RCSTAbits.CREN=1;
   283  00002A  88AC               	bsf	172,4,c	;volatile
   284  00002C                     i2l34:
   285                           
   286                           ;newmain1.c: 24: PIR1bits.RCIF=0;
   287  00002C  9A9E               	bcf	158,5,c	;volatile
   288  00002E                     
   289                           ;newmain1.c: 25: TXREG=(RCREG +1);
   290  00002E  28AF               	incf	175,w,c	;volatile
   291  000030  6EAE               	movwf	174,c	;volatile
   292  000032                     i2l35:
   293  000032  A2AD               	btfss	173,1,c	;volatile
   294  000034  EF1E  F000         	goto	i2u3_41
   295  000038  EF20  F000         	goto	i2u3_40
   296  00003C                     i2u3_41:
   297  00003C  EF19  F000         	goto	i2l35
   298  000040                     i2u3_40:
   299  000040                     i2l38:
   300  000040  9201               	bcf	int$flags,1,c	;clear compiler interrupt flag (level 2)
   301  000042  0011               	retfie		f
   302  000044                     __end_of_routISR:
   303                           	callstack 0
   304  0000                     
   305                           	psect	rparam
   306  0000                     
   307                           	psect	temp
   308  000001                     btemp:
   309                           	callstack 0
   310  000001                     	ds	1
   311  0000                     int$flags	set	btemp
   312  0000                     wtemp8	set	btemp+1
   313  0000                     ttemp5	set	btemp+1
   314  0000                     ttemp6	set	btemp+4
   315  0000                     ttemp7	set	btemp+8
   316                           
   317                           	psect	config
   318                           
   319                           ;Config register CONFIG1L @ 0x1FFF8
   320                           ;	Watchdog Timer
   321                           ;	WDTEN = OFF, Disabled - Controlled by SWDTEN bit
   322                           ;	PLL Prescaler Selection
   323                           ;	PLLDIV = 1, No prescale (4 MHz oscillator input drives PLL directly)
   324                           ;	PLL Enable Configuration Bit
   325                           ;	CFGPLLEN = OFF, PLL Disabled
   326                           ;	Stack Overflow/Underflow Reset
   327                           ;	STVREN = ON, Enabled
   328                           ;	Extended Instruction Set
   329                           ;	XINST = OFF, Disabled
   330  1FFF8                     	org	131064
   331  1FFF8  BE                 	db	190
   332                           
   333                           ;Config register CONFIG1H @ 0x1FFF9
   334                           ;	CPU System Clock Postscaler
   335                           ;	CPUDIV = OSC1, No CPU system clock divide
   336                           ;	Code Protect
   337                           ;	CP0 = OFF, Program memory is not code-protected
   338  1FFF9                     	org	131065
   339  1FFF9  F7                 	db	247
   340                           
   341                           ;Config register CONFIG2L @ 0x1FFFA
   342                           ;	Oscillator
   343                           ;	OSC = ECPLL, EC+PLL (CLKO-RA6), USB-EC+PLL
   344                           ;	T1OSC/SOSC Power Selection Bits
   345                           ;	SOSCSEL = HIGH, High Power T1OSC/SOSC circuit selected
   346                           ;	EC Clock Out Enable Bit
   347                           ;	CLKOEC = ON, CLKO output enabled on the RA6 pin
   348                           ;	Fail-Safe Clock Monitor
   349                           ;	FCMEN = ON, Enabled
   350                           ;	Internal External Oscillator Switch Over Mode
   351                           ;	IESO = ON, Enabled
   352  1FFFA                     	org	131066
   353  1FFFA  FF                 	db	255
   354                           
   355                           ;Config register CONFIG2H @ 0x1FFFB
   356                           ;	Watchdog Postscaler
   357                           ;	WDTPS = 32768, 1:32768
   358  1FFFB                     	org	131067
   359  1FFFB  FF                 	db	255
   360                           
   361                           ;Config register CONFIG3L @ 0x1FFFC
   362                           ;	DSWDT Clock Select
   363                           ;	DSWDTOSC = INTOSCREF, DSWDT uses INTRC
   364                           ;	RTCC Clock Select
   365                           ;	RTCOSC = T1OSCREF, RTCC uses T1OSC/T1CKI
   366                           ;	Deep Sleep BOR
   367                           ;	DSBOREN = ON, Enabled
   368                           ;	Deep Sleep Watchdog Timer
   369                           ;	DSWDTEN = ON, Enabled
   370                           ;	Deep Sleep Watchdog Postscaler
   371                           ;	DSWDTPS = G2, 1:2,147,483,648 (25.7 days)
   372  1FFFC                     	org	131068
   373  1FFFC  FF                 	db	255
   374                           
   375                           ;Config register CONFIG3H @ 0x1FFFD
   376                           ;	IOLOCK One-Way Set Enable bit
   377                           ;	IOL1WAY = ON, The IOLOCK bit (PPSCON<0>) can be set once
   378                           ;	ADC 10 or 12 Bit Select
   379                           ;	ADCSEL = BIT10, 10 - Bit ADC Enabled
   380                           ;	MSSP address masking
   381                           ;	MSSP7B_EN = MSK7, 7 Bit address masking mode
   382  1FFFD                     	org	131069
   383  1FFFD  FB                 	db	251
   384                           
   385                           ;Config register CONFIG4L @ 0x1FFFE
   386                           ;	Write/Erase Protect Page Start/End Location
   387                           ;	WPFP = PAGE_127, Write Protect Program Flash Page 127
   388                           ;	Write/Erase Protect Configuration Region
   389                           ;	WPCFG = OFF, Configuration Words page not erase/write-protected
   390  1FFFE                     	org	131070
   391  1FFFE  FF                 	db	255
   392                           
   393                           ;Config register CONFIG4H @ 0x1FFFF
   394                           ;	Write Protect Disable bit
   395                           ;	WPDIS = OFF, WPFP<6:0>/WPEND region ignored
   396                           ;	Write/Erase Protect Region Select bit (valid when WPDIS = 0)
   397                           ;	WPEND = PAGE_WPFP, Pages WPFP<6:0> through Configuration Words erase/write protected
   398                           ;	Low Speed USB mode with 48 MHz system clock bit
   399                           ;	LS48MHZ = SYS48X8, System clock at 48 MHz USB CLKEN divide-by is set to 8
   400  1FFFF                     	org	131071
   401  1FFFF  FB                 	db	251
   402                           tosu	equ	0xFFF
   403                           tosh	equ	0xFFE
   404                           tosl	equ	0xFFD
   405                           stkptr	equ	0xFFC
   406                           pclatu	equ	0xFFB
   407                           pclath	equ	0xFFA
   408                           pcl	equ	0xFF9
   409                           tblptru	equ	0xFF8
   410                           tblptrh	equ	0xFF7
   411                           tblptrl	equ	0xFF6
   412                           tablat	equ	0xFF5
   413                           prodh	equ	0xFF4
   414                           prodl	equ	0xFF3
   415                           indf0	equ	0xFEF
   416                           postinc0	equ	0xFEE
   417                           postdec0	equ	0xFED
   418                           preinc0	equ	0xFEC
   419                           plusw0	equ	0xFEB
   420                           fsr0h	equ	0xFEA
   421                           fsr0l	equ	0xFE9
   422                           wreg	equ	0xFE8
   423                           indf1	equ	0xFE7
   424                           postinc1	equ	0xFE6
   425                           postdec1	equ	0xFE5
   426                           preinc1	equ	0xFE4
   427                           plusw1	equ	0xFE3
   428                           fsr1h	equ	0xFE2
   429                           fsr1l	equ	0xFE1
   430                           bsr	equ	0xFE0
   431                           indf2	equ	0xFDF
   432                           postinc2	equ	0xFDE
   433                           postdec2	equ	0xFDD
   434                           preinc2	equ	0xFDC
   435                           plusw2	equ	0xFDB
   436                           fsr2h	equ	0xFDA
   437                           fsr2l	equ	0xFD9
   438                           status	equ	0xFD8

Data Sizes:
    Strings     0
    Constant    0
    Data        0
    BSS         0
    Persistent  0
    Stack       0

Auto Spaces:
    Space          Size  Autos    Used
    COMRAM           94      0       0
    BANK0           160      0       0
    BANK1           256      0       0
    BANK2           256      0       0
    BANK3           256      0       0
    BANK4           256      0       0
    BANK5           256      0       0
    BANK6           256      0       0
    BANK7           256      0       0
    BANK8           256      0       0
    BANK9           256      0       0
    BANK10          256      0       0
    BANK11          256      0       0
    BANK12          256      0       0
    BANK13          256      0       0
    BANK14          176      0       0

Pointer List with Targets:

    None.

Critical Paths under _main in COMRAM

    None.

Critical Paths under _routISR in COMRAM

    None.

Critical Paths under _main in BANK0

    None.

Critical Paths under _routISR in BANK0

    None.

Critical Paths under _main in BANK1

    None.

Critical Paths under _routISR in BANK1

    None.

Critical Paths under _main in BANK2

    None.

Critical Paths under _routISR in BANK2

    None.

Critical Paths under _main in BANK3

    None.

Critical Paths under _routISR in BANK3

    None.

Critical Paths under _main in BANK4

    None.

Critical Paths under _routISR in BANK4

    None.

Critical Paths under _main in BANK5

    None.

Critical Paths under _routISR in BANK5

    None.

Critical Paths under _main in BANK6

    None.

Critical Paths under _routISR in BANK6

    None.

Critical Paths under _main in BANK7

    None.

Critical Paths under _routISR in BANK7

    None.

Critical Paths under _main in BANK8

    None.

Critical Paths under _routISR in BANK8

    None.

Critical Paths under _main in BANK9

    None.

Critical Paths under _routISR in BANK9

    None.

Critical Paths under _main in BANK10

    None.

Critical Paths under _routISR in BANK10

    None.

Critical Paths under _main in BANK11

    None.

Critical Paths under _routISR in BANK11

    None.

Critical Paths under _main in BANK12

    None.

Critical Paths under _routISR in BANK12

    None.

Critical Paths under _main in BANK13

    None.

Critical Paths under _routISR in BANK13

    None.

Critical Paths under _main in BANK14

    None.

Critical Paths under _routISR in BANK14

    None.

Call Graph Tables:

 ---------------------------------------------------------------------------------
 (Depth) Function   	        Calls       Base Space   Used Autos Params    Refs
 ---------------------------------------------------------------------------------
 (0) _main                                                 0     0      0       0
                    _UART_Initialize
 ---------------------------------------------------------------------------------
 (1) _UART_Initialize                                      0     0      0       0
 ---------------------------------------------------------------------------------
 Estimated maximum stack depth 1
 ---------------------------------------------------------------------------------
 (Depth) Function   	        Calls       Base Space   Used Autos Params    Refs
 ---------------------------------------------------------------------------------
 (2) _routISR                                              0     0      0       0
 ---------------------------------------------------------------------------------
 Estimated maximum stack depth 2
 ---------------------------------------------------------------------------------

 Call Graph Graphs:

 _main (ROOT)
   _UART_Initialize

 _routISR (ROOT)

 Address spaces:
Name               Size   Autos  Total    Cost      Usage
BITCOMRAM           5E      0       0       0        0.0%
NULL                 0      0       0       0        0.0%
CODE                 0      0       0       0        0.0%
COMRAM              5E      0       0       1        0.0%
STACK                0      0       0       2        0.0%
DATA                 0      0       0       3        0.0%
BITBANK0            A0      0       0       4        0.0%
BANK0               A0      0       0       5        0.0%
ABS                  0      0       0       6        0.0%
BITBANK1           100      0       0       7        0.0%
BANK1              100      0       0       8        0.0%
BITBANK2           100      0       0       9        0.0%
BANK2              100      0       0      10        0.0%
BITBANK3           100      0       0      11        0.0%
BANK3              100      0       0      12        0.0%
BITBANK4           100      0       0      13        0.0%
BANK4              100      0       0      14        0.0%
BITBANK5           100      0       0      15        0.0%
BANK5              100      0       0      16        0.0%
BITBANK6           100      0       0      17        0.0%
BANK6              100      0       0      18        0.0%
BITBANK7           100      0       0      19        0.0%
BANK7              100      0       0      20        0.0%
BITBANK8           100      0       0      21        0.0%
BANK8              100      0       0      22        0.0%
BITBANK9           100      0       0      23        0.0%
BANK9              100      0       0      24        0.0%
BITBANK10          100      0       0      25        0.0%
BANK10             100      0       0      26        0.0%
BITBANK11          100      0       0      27        0.0%
BANK11             100      0       0      28        0.0%
BITBANK12          100      0       0      29        0.0%
BANK12             100      0       0      30        0.0%
BITBANK13          100      0       0      31        0.0%
BANK13             100      0       0      32        0.0%
BITBANK14           B0      0       0      33        0.0%
BANK14              B0      0       0      34        0.0%
BIGRAM             EAF      0       0      35        0.0%
BITSFR_2             0      0       0     200        0.0%
SFR_2                0      0       0     200        0.0%
BITSFR_1             0      0       0     200        0.0%
SFR_1                0      0       0     200        0.0%
BITSFR               0      0       0     200        0.0%
SFR                  0      0       0     200        0.0%


Microchip Technology PIC18 Macro Assembler V2.31 build 20201012212115 
Symbol Table                                                                                   Fri Jan 29 21:34:24 2021

                      l41 007A                        l46 005A                        l47 005A  
                     l731 006C                       l733 006E                       l725 0062  
                     l735 0070                       l727 0066                       l751 004C  
                     l737 0072                       l729 006A                       l761 0056  
                     l753 004E                       l739 0074                       l755 0050  
                     l757 0052                       l749 0048                       l759 0054  
                    i2l34 002C                      i2l35 0032                      i2l38 0040  
                    _main 0048                      btemp 0001                      start 0044  
            ___param_bank 000000          ?_UART_Initialize 0000                     ?_main 0000  
                   i2l741 000A                     i2l743 0018                     i2l745 0026  
                   i2l747 002E                     _RCREG 000FAF                     _RCSTA 000FAC  
                   _SPBRG 000FB0                     _TXREG 000FAE           __end_of_routISR 0044  
                   ttemp5 0002                     ttemp6 0005                     ttemp7 0009  
                   wtemp8 0002           __initialization 007C              __end_of_main 0062  
                  ??_main 0000             __activetblptr 000000                    _OSCCON 000FD3  
                  i2u1_40 0018                    i2u1_41 0014                    i2u2_40 0026  
                  i2u2_41 0022                    i2u3_40 0040                    i2u3_41 003C  
               ??_routISR 0000                __accesstop 0060   __end_of__initialization 007C  
           ___rparam_used 000001            __pcstackCOMRAM 0000                   __Hparam 0000  
                 __Lparam 0000                   __pcinit 007C                   __ramtop 0F00  
                 __ptext0 0048                   __ptext1 0062  __size_of_UART_Initialize 001A  
                 _routISR 0008      end_of_initialization 007C                 _RCSTAbits 000FAC  
               _TRISCbits 000F94                 _TXSTAbits 000FAD               _BAUDCONbits 000F7E  
     start_initialization 007C         ??_UART_Initialize 0000                 __pintcode 0008  
                ?_routISR 0000                  _IPR1bits 000F9F                  _PIE1bits 000F9D  
                _PIR1bits 000F9E                  __Hrparam 0000                  __Lrparam 0000  
         _UART_Initialize 0062          __size_of_routISR 003C             __size_of_main 001A  
                int$flags 0001                _INTCONbits 000FF2                  intlevel2 0000  
 __end_of_UART_Initialize 007C  
